c:\users\huy coc\desktop\studentmanagementcplusplus\studentmanagementcplusplus\debug\vc142.pdb
c:\users\huy coc\desktop\studentmanagementcplusplus\studentmanagementcplusplus\debug\vc142.idb
c:\users\huy coc\desktop\studentmanagementcplusplus\studentmanagementcplusplus\debug\subject.obj
c:\users\huy coc\desktop\studentmanagementcplusplus\studentmanagementcplusplus\debug\studentmanagementcplusplus.obj
c:\users\huy coc\desktop\studentmanagementcplusplus\studentmanagementcplusplus\debug\student.obj
c:\users\huy coc\desktop\studentmanagementcplusplus\studentmanagementcplusplus\debug\dbhelper.obj
c:\users\huy coc\desktop\studentmanagementcplusplus\studentmanagementcplusplus\debug\class.obj
d:\cpp\debug\vc142.pdb
d:\cpp\debug\vc142.idb
d:\cpp\debug\studentmanagementcplusplus.obj
d:\cpp\debug\bread.obj
d:\cpp\debug\dbhelper.obj
d:\cpp\debug\execute.obj
d:\cpp\debug\insert.obj
c:\users\huy coc\desktop\studentmanagementcplusplus\debug\studentmanagementcplusplus.exe
c:\users\huy coc\desktop\studentmanagementcplusplus\debug\studentmanagementcplusplus.ilk
c:\users\huy coc\desktop\studentmanagementcplusplus\debug\studentmanagementcplusplus.pdb
d:\cpp\debug\studentmanagementcplusplus.exe
d:\cpp\debug\studentmanagementcplusplus.ilk
d:\cpp\debug\studentmanagementcplusplus.pdb
d:\cpp\debug\class.obj
d:\cpp\debug\student.obj
d:\cpp\debug\subject.obj
d:\cpp\debug\studentm.78849367.tlog\cl.command.1.tlog
d:\cpp\debug\studentm.78849367.tlog\cl.read.1.tlog
d:\cpp\debug\studentm.78849367.tlog\cl.write.1.tlog
d:\cpp\debug\studentm.78849367.tlog\link.command.1.tlog
d:\cpp\debug\studentm.78849367.tlog\link.read.1.tlog
d:\cpp\debug\studentm.78849367.tlog\link.write.1.tlog
